app/build/intermediates/manifest_merge_blame_file/debug/manifest-merger-blame-debug-report.txt
1<?xml version="1.0" encoding="utf-8"?>
2<manifest xmlns:android="http://schemas.android.com/apk/res/android"
3    package="com.example.appcreditosimu"
4    android:versionCode="1"
5    android:versionName="1.0" >
6
7    <uses-sdk
8        android:minSdkVersion="21"
8-->src\main\AndroidManifest.xml
9        android:targetSdkVersion="31" />
9-->src\main\AndroidManifest.xml
10
11    <!-- Although the *SdkVersion is captured in gradle build files, this is required for non gradle builds -->
12    <!-- <uses-sdk android:minSdkVersion="14" /> -->
13    <uses-permission android:name="android.permission.ACCESS_NETWORK_STATE" />
13-->[com.google.firebase:firebase-firestore:24.1.2] AndroidManifest.xml:13:5-79
13-->[com.google.firebase:firebase-firestore:24.1.2] AndroidManifest.xml:13:22-76
14    <uses-permission android:name="android.permission.INTERNET" />
14-->[com.google.firebase:firebase-firestore:24.1.2] AndroidManifest.xml:14:5-67
14-->[com.google.firebase:firebase-firestore:24.1.2] AndroidManifest.xml:14:22-64
15    <uses-permission android:name="android.permission.WAKE_LOCK" />
15-->[com.google.android.gms:play-services-measurement-api:21.0.0] AndroidManifest.xml:24:5-68
15-->[com.google.android.gms:play-services-measurement-api:21.0.0] AndroidManifest.xml:24:22-65
16    <uses-permission android:name="com.google.android.gms.permission.AD_ID" />
16-->[com.google.android.gms:play-services-measurement-api:21.0.0] AndroidManifest.xml:25:5-79
16-->[com.google.android.gms:play-services-measurement-api:21.0.0] AndroidManifest.xml:25:22-76
17    <uses-permission android:name="com.google.android.finsky.permission.BIND_GET_INSTALL_REFERRER_SERVICE" />
17-->[com.google.android.gms:play-services-measurement:21.0.0] AndroidManifest.xml:26:5-110
17-->[com.google.android.gms:play-services-measurement:21.0.0] AndroidManifest.xml:26:22-107
18
19    <application
19-->src\main\AndroidManifest.xml:5:5-27:19
20        android:allowBackup="true"
20-->src\main\AndroidManifest.xml:6:9-35
21        android:appComponentFactory="androidx.core.app.CoreComponentFactory"
21-->[androidx.core:core:1.5.0] AndroidManifest.xml:24:18-86
22        android:debuggable="true"
23        android:icon="@mipmap/ic_launcher"
23-->src\main\AndroidManifest.xml:7:9-43
24        android:label="@string/app_name"
24-->src\main\AndroidManifest.xml:8:9-41
25        android:roundIcon="@mipmap/ic_launcher_round"
25-->src\main\AndroidManifest.xml:9:9-54
26        android:supportsRtl="true"
26-->src\main\AndroidManifest.xml:10:9-35
27        android:testOnly="true"
28        android:theme="@style/Theme.Appcreditosimu" >
28-->src\main\AndroidManifest.xml:11:9-52
29        <activity
29-->src\main\AndroidManifest.xml:12:9-14:39
30            android:name="com.example.appcreditosimu.registro"
30-->src\main\AndroidManifest.xml:13:13-37
31            android:exported="true" />
31-->src\main\AndroidManifest.xml:14:13-36
32        <activity
32-->src\main\AndroidManifest.xml:15:9-17:39
33            android:name="com.example.appcreditosimu.customer"
33-->src\main\AndroidManifest.xml:16:13-37
34            android:exported="true" />
34-->src\main\AndroidManifest.xml:17:13-36
35        <activity
35-->src\main\AndroidManifest.xml:18:9-26:20
36            android:name="com.example.appcreditosimu.MainActivity"
36-->src\main\AndroidManifest.xml:19:13-41
37            android:exported="true" >
37-->src\main\AndroidManifest.xml:20:13-36
38            <intent-filter>
38-->src\main\AndroidManifest.xml:21:13-25:29
39                <action android:name="android.intent.action.MAIN" />
39-->src\main\AndroidManifest.xml:22:17-69
39-->src\main\AndroidManifest.xml:22:25-66
40
41                <category android:name="android.intent.category.LAUNCHER" />
41-->src\main\AndroidManifest.xml:24:17-77
41-->src\main\AndroidManifest.xml:24:27-74
42            </intent-filter>
43        </activity>
44
45        <service
45-->[com.google.firebase:firebase-firestore:24.1.2] AndroidManifest.xml:17:9-23:19
46            android:name="com.google.firebase.components.ComponentDiscoveryService"
46-->[com.google.firebase:firebase-firestore:24.1.2] AndroidManifest.xml:18:13-84
47            android:directBootAware="true"
47-->[com.google.firebase:firebase-common:20.1.1] AndroidManifest.xml:35:13-43
48            android:exported="false" >
48-->[com.google.firebase:firebase-firestore:24.1.2] AndroidManifest.xml:19:13-37
49            <meta-data
49-->[com.google.firebase:firebase-firestore:24.1.2] AndroidManifest.xml:20:13-22:85
50                android:name="com.google.firebase.components:com.google.firebase.firestore.FirestoreRegistrar"
50-->[com.google.firebase:firebase-firestore:24.1.2] AndroidManifest.xml:21:17-111
51                android:value="com.google.firebase.components.ComponentRegistrar" />
51-->[com.google.firebase:firebase-firestore:24.1.2] AndroidManifest.xml:22:17-82
52            <meta-data
52-->[com.google.android.gms:play-services-measurement-api:21.0.0] AndroidManifest.xml:31:13-33:85
53                android:name="com.google.firebase.components:com.google.firebase.analytics.connector.internal.AnalyticsConnectorRegistrar"
53-->[com.google.android.gms:play-services-measurement-api:21.0.0] AndroidManifest.xml:32:17-139
54                android:value="com.google.firebase.components.ComponentRegistrar" />
54-->[com.google.android.gms:play-services-measurement-api:21.0.0] AndroidManifest.xml:33:17-82
55            <meta-data
55-->[com.google.firebase:firebase-installations:17.0.1] AndroidManifest.xml:18:13-20:85
56                android:name="com.google.firebase.components:com.google.firebase.installations.FirebaseInstallationsRegistrar"
56-->[com.google.firebase:firebase-installations:17.0.1] AndroidManifest.xml:19:17-127
57                android:value="com.google.firebase.components.ComponentRegistrar" />
57-->[com.google.firebase:firebase-installations:17.0.1] AndroidManifest.xml:20:17-82
58        </service>
59
60        <provider
60-->[com.google.firebase:firebase-common:20.1.1] AndroidManifest.xml:26:9-31:39
61            android:name="com.google.firebase.provider.FirebaseInitProvider"
61-->[com.google.firebase:firebase-common:20.1.1] AndroidManifest.xml:27:13-77
62            android:authorities="com.example.appcreditosimu.firebaseinitprovider"
62-->[com.google.firebase:firebase-common:20.1.1] AndroidManifest.xml:28:13-72
63            android:directBootAware="true"
63-->[com.google.firebase:firebase-common:20.1.1] AndroidManifest.xml:29:13-43
64            android:exported="false"
64-->[com.google.firebase:firebase-common:20.1.1] AndroidManifest.xml:30:13-37
65            android:initOrder="100" />
65-->[com.google.firebase:firebase-common:20.1.1] AndroidManifest.xml:31:13-36
66
67        <activity
67-->[com.google.android.gms:play-services-base:18.0.1] AndroidManifest.xml:20:9-22:45
68            android:name="com.google.android.gms.common.api.GoogleApiActivity"
68-->[com.google.android.gms:play-services-base:18.0.1] AndroidManifest.xml:20:19-85
69            android:exported="false"
69-->[com.google.android.gms:play-services-base:18.0.1] AndroidManifest.xml:22:19-43
70            android:theme="@android:style/Theme.Translucent.NoTitleBar" />
70-->[com.google.android.gms:play-services-base:18.0.1] AndroidManifest.xml:21:19-78
71
72        <receiver
72-->[com.google.android.gms:play-services-measurement:21.0.0] AndroidManifest.xml:29:9-33:20
73            android:name="com.google.android.gms.measurement.AppMeasurementReceiver"
73-->[com.google.android.gms:play-services-measurement:21.0.0] AndroidManifest.xml:30:13-85
74            android:enabled="true"
74-->[com.google.android.gms:play-services-measurement:21.0.0] AndroidManifest.xml:31:13-35
75            android:exported="false" >
75-->[com.google.android.gms:play-services-measurement:21.0.0] AndroidManifest.xml:32:13-37
76        </receiver>
77
78        <service
78-->[com.google.android.gms:play-services-measurement:21.0.0] AndroidManifest.xml:35:9-38:40
79            android:name="com.google.android.gms.measurement.AppMeasurementService"
79-->[com.google.android.gms:play-services-measurement:21.0.0] AndroidManifest.xml:36:13-84
80            android:enabled="true"
80-->[com.google.android.gms:play-services-measurement:21.0.0] AndroidManifest.xml:37:13-35
81            android:exported="false" />
81-->[com.google.android.gms:play-services-measurement:21.0.0] AndroidManifest.xml:38:13-37
82        <service
82-->[com.google.android.gms:play-services-measurement:21.0.0] AndroidManifest.xml:39:9-43:72
83            android:name="com.google.android.gms.measurement.AppMeasurementJobService"
83-->[com.google.android.gms:play-services-measurement:21.0.0] AndroidManifest.xml:40:13-87
84            android:enabled="true"
84-->[com.google.android.gms:play-services-measurement:21.0.0] AndroidManifest.xml:41:13-35
85            android:exported="false"
85-->[com.google.android.gms:play-services-measurement:21.0.0] AndroidManifest.xml:42:13-37
86            android:permission="android.permission.BIND_JOB_SERVICE" />
86-->[com.google.android.gms:play-services-measurement:21.0.0] AndroidManifest.xml:43:13-69
87
88        <meta-data
88-->[com.google.android.gms:play-services-basement:18.0.0] AndroidManifest.xml:21:9-23:69
89            android:name="com.google.android.gms.version"
89-->[com.google.android.gms:play-services-basement:18.0.0] AndroidManifest.xml:22:13-58
90            android:value="@integer/google_play_services_version" />
90-->[com.google.android.gms:play-services-basement:18.0.0] AndroidManifest.xml:23:13-66
91    </application>
92
93</manifest>